<?xml version="1.0" encoding="UTF-8"?>
<testng-results ignored="0" total="1" passed="1" failed="0" skipped="0">
  <reporter-output>
  </reporter-output>
  <suite started-at="2023-07-01T21:01:59 IST" name="Suite" finished-at="2023-07-01T21:02:09 IST" duration-ms="9823">
    <groups>
    </groups>
    <test started-at="2023-07-01T21:01:59 IST" name="Test" finished-at="2023-07-01T21:02:09 IST" duration-ms="9823">
      <class name="TestCase.FirstCase">
        <test-method signature="Browser()[pri:0, instance:TestCase.FirstCase@1af2d44a]" started-at="2023-07-01T21:01:59 IST" name="Browser" finished-at="2023-07-01T21:02:09 IST" duration-ms="9774" status="PASS">
          <reporter-output>
          </reporter-output>
        </test-method> <!-- Browser -->
      </class> <!-- TestCase.FirstCase -->
    </test> <!-- Test -->
  </suite> <!-- Suite -->
</testng-results>
